2024-06-05 12:24:31 [34mINFO [0;39m [36mplay.api.db.DefaultDBApi[0;39m [35m[0;39m Database [default] initialized
2024-06-05 12:24:31 [34mINFO [0;39m [36mplay.api.db.HikariCPConnectionPool[0;39m [35m[0;39m Creating Pool for datasource 'default'
2024-06-05 12:24:32 [31mWARN [0;39m [36mc.z.hikari.util.DriverDataSource[0;39m [35m[0;39m Registered driver with driverClassName=com.mysql.jdbc.Driver was not found, trying direct instantiation.
2024-06-05 12:24:32 [34mINFO [0;39m [36mplay.api.http.EnabledFilters[0;39m [35m[0;39m Enabled Filters (see <https://www.playframework.com/documentation/latest/Filters>):

    play.filters.csrf.CSRFFilter
    play.filters.headers.SecurityHeadersFilter
    play.filters.hosts.AllowedHostsFilter

2024-06-05 12:24:32 [34mINFO [0;39m [36mplay.api.Play[0;39m [35m[0;39m Application started (Dev) (no global state)
2024-06-05 12:24:32 [31mWARN [0;39m [36mp.api.mvc.DefaultJWTCookieDataCodec[0;39m [35m[0;39m decode: cookie has invalid signature! message = JWT signature does not match locally computed signature. JWT validity cannot be asserted and should not be trusted.
2024-06-05 12:24:32 [34mINFO [0;39m [36mp.api.mvc.DefaultJWTCookieDataCodec[0;39m [35m[0;39m The JWT signature in the cookie does not match the locally computed signature with the server. This usually indicates the browser has a leftover cookie from another Play application, so clearing cookies may resolve this error message.
2024-06-05 12:26:58 [1;31mERROR[0;39m [36mplay.api.http.DevHttpErrorHandler[0;39m [35m[0;39m 

! @85m0h7i5p - Internal server error, for (GET) [/] ->
 
play.sbt.PlayExceptions$CompilationException: Compilation error[type mismatch;
 found   : (String, String)
 required: scala.collection.mutable.Map[String,String]]
	at play.sbt.PlayExceptions$CompilationException$.apply(PlayExceptions.scala:28)
	at play.sbt.PlayExceptions$CompilationException$.apply(PlayExceptions.scala:28)
	at scala.Option.map(Option.scala:230)
	at play.sbt.run.PlayReload$.$anonfun$taskFailureHandler$8(PlayReload.scala:119)
	at scala.Option.map(Option.scala:230)
	at play.sbt.run.PlayReload$.taskFailureHandler(PlayReload.scala:92)
	at play.sbt.run.PlayReload$.$anonfun$compile$3(PlayReload.scala:144)
	at scala.util.Either$LeftProjection.map(Either.scala:573)
	at play.sbt.run.PlayReload$.compile(PlayReload.scala:144)
	at sbt.PlayRun$.$anonfun$playRunTask$5(PlayRun.scala:99)
	at play.runsupport.Reloader.$anonfun$reload$1(Reloader.scala:495)
	at play.runsupport.Reloader$$anon$1.run(Reloader.scala:58)
	at java.base/java.security.AccessController.doPrivileged(AccessController.java:400)
	at play.runsupport.Reloader$.play$runsupport$Reloader$$withReloaderContextClassLoader(Reloader.scala:64)
	at play.runsupport.Reloader.reload(Reloader.scala:495)
	at play.core.server.DevServerStart$DevServerApplicationProvider$1.get(DevServerStart.scala:189)
	at play.core.server.PekkoHttpServer.handleRequest(PekkoHttpServer.scala:320)
	at play.core.server.PekkoHttpServer.$anonfun$createServerBinding$1(PekkoHttpServer.scala:224)
	at org.apache.pekko.stream.impl.fusing.MapAsyncUnordered$$anon$31.onPush(Ops.scala:1443)
	at org.apache.pekko.stream.impl.fusing.GraphInterpreter.processPush(GraphInterpreter.scala:555)
	at org.apache.pekko.stream.impl.fusing.GraphInterpreter.processEvent(GraphInterpreter.scala:506)
	at org.apache.pekko.stream.impl.fusing.GraphInterpreter.execute(GraphInterpreter.scala:400)
	at org.apache.pekko.stream.impl.fusing.GraphInterpreterShell.runBatch(ActorGraphInterpreter.scala:662)
	at org.apache.pekko.stream.impl.fusing.GraphInterpreterShell$AsyncInput.execute(ActorGraphInterpreter.scala:532)
	at org.apache.pekko.stream.impl.fusing.GraphInterpreterShell.processEvent(ActorGraphInterpreter.scala:637)
	at org.apache.pekko.stream.impl.fusing.ActorGraphInterpreter.org$apache$pekko$stream$impl$fusing$ActorGraphInterpreter$$processEvent(ActorGraphInterpreter.scala:813)
	at org.apache.pekko.stream.impl.fusing.ActorGraphInterpreter$$anonfun$receive$1.applyOrElse(ActorGraphInterpreter.scala:831)
	at org.apache.pekko.actor.Actor.aroundReceive(Actor.scala:547)
	at org.apache.pekko.actor.Actor.aroundReceive$(Actor.scala:545)
	at org.apache.pekko.stream.impl.fusing.ActorGraphInterpreter.aroundReceive(ActorGraphInterpreter.scala:729)
	at org.apache.pekko.actor.ActorCell.receiveMessage(ActorCell.scala:590)
	at org.apache.pekko.actor.ActorCell.invoke(ActorCell.scala:557)
	at org.apache.pekko.dispatch.Mailbox.processMailbox(Mailbox.scala:280)
	at org.apache.pekko.dispatch.Mailbox.run(Mailbox.scala:241)
	at org.apache.pekko.dispatch.Mailbox.exec(Mailbox.scala:253)
	at java.base/java.util.concurrent.ForkJoinTask.doExec(ForkJoinTask.java:507)
	at java.base/java.util.concurrent.ForkJoinPool$WorkQueue.topLevelExec(ForkJoinPool.java:1491)
	at java.base/java.util.concurrent.ForkJoinPool.scan(ForkJoinPool.java:2073)
	at java.base/java.util.concurrent.ForkJoinPool.runWorker(ForkJoinPool.java:2035)
	at java.base/java.util.concurrent.ForkJoinWorkerThread.run(ForkJoinWorkerThread.java:187)
2024-06-05 12:33:37 [1;31mERROR[0;39m [36mplay.api.http.DevHttpErrorHandler[0;39m [35m[0;39m 

! @85m0i4b2c - Internal server error, for (GET) [/] ->
 
play.sbt.PlayExceptions$CompilationException: Compilation error[type mismatch;
 found   : scala.collection.mutable.Map[String,String]
 required: List[String]]
	at play.sbt.PlayExceptions$CompilationException$.apply(PlayExceptions.scala:28)
	at play.sbt.PlayExceptions$CompilationException$.apply(PlayExceptions.scala:28)
	at scala.Option.map(Option.scala:230)
	at play.sbt.run.PlayReload$.$anonfun$taskFailureHandler$8(PlayReload.scala:119)
	at scala.Option.map(Option.scala:230)
	at play.sbt.run.PlayReload$.taskFailureHandler(PlayReload.scala:92)
	at play.sbt.run.PlayReload$.$anonfun$compile$3(PlayReload.scala:144)
	at scala.util.Either$LeftProjection.map(Either.scala:573)
	at play.sbt.run.PlayReload$.compile(PlayReload.scala:144)
	at sbt.PlayRun$.$anonfun$playRunTask$5(PlayRun.scala:99)
	at play.runsupport.Reloader.$anonfun$reload$1(Reloader.scala:495)
	at play.runsupport.Reloader$$anon$1.run(Reloader.scala:58)
	at java.base/java.security.AccessController.doPrivileged(AccessController.java:400)
	at play.runsupport.Reloader$.play$runsupport$Reloader$$withReloaderContextClassLoader(Reloader.scala:64)
	at play.runsupport.Reloader.reload(Reloader.scala:495)
	at play.core.server.DevServerStart$DevServerApplicationProvider$1.get(DevServerStart.scala:189)
	at play.core.server.PekkoHttpServer.handleRequest(PekkoHttpServer.scala:320)
	at play.core.server.PekkoHttpServer.$anonfun$createServerBinding$1(PekkoHttpServer.scala:224)
	at org.apache.pekko.stream.impl.fusing.MapAsyncUnordered$$anon$31.onPush(Ops.scala:1443)
	at org.apache.pekko.stream.impl.fusing.GraphInterpreter.processPush(GraphInterpreter.scala:555)
	at org.apache.pekko.stream.impl.fusing.GraphInterpreter.processEvent(GraphInterpreter.scala:506)
	at org.apache.pekko.stream.impl.fusing.GraphInterpreter.execute(GraphInterpreter.scala:400)
	at org.apache.pekko.stream.impl.fusing.GraphInterpreterShell.runBatch(ActorGraphInterpreter.scala:662)
	at org.apache.pekko.stream.impl.fusing.GraphInterpreterShell$AsyncInput.execute(ActorGraphInterpreter.scala:532)
	at org.apache.pekko.stream.impl.fusing.GraphInterpreterShell.processEvent(ActorGraphInterpreter.scala:637)
	at org.apache.pekko.stream.impl.fusing.ActorGraphInterpreter.org$apache$pekko$stream$impl$fusing$ActorGraphInterpreter$$processEvent(ActorGraphInterpreter.scala:813)
	at org.apache.pekko.stream.impl.fusing.ActorGraphInterpreter$$anonfun$receive$1.applyOrElse(ActorGraphInterpreter.scala:831)
	at org.apache.pekko.actor.Actor.aroundReceive(Actor.scala:547)
	at org.apache.pekko.actor.Actor.aroundReceive$(Actor.scala:545)
	at org.apache.pekko.stream.impl.fusing.ActorGraphInterpreter.aroundReceive(ActorGraphInterpreter.scala:729)
	at org.apache.pekko.actor.ActorCell.receiveMessage(ActorCell.scala:590)
	at org.apache.pekko.actor.ActorCell.invoke(ActorCell.scala:557)
	at org.apache.pekko.dispatch.Mailbox.processMailbox(Mailbox.scala:280)
	at org.apache.pekko.dispatch.Mailbox.run(Mailbox.scala:241)
	at org.apache.pekko.dispatch.Mailbox.exec(Mailbox.scala:253)
	at java.base/java.util.concurrent.ForkJoinTask.doExec(ForkJoinTask.java:507)
	at java.base/java.util.concurrent.ForkJoinPool$WorkQueue.topLevelExec(ForkJoinPool.java:1491)
	at java.base/java.util.concurrent.ForkJoinPool.scan(ForkJoinPool.java:2073)
	at java.base/java.util.concurrent.ForkJoinPool.runWorker(ForkJoinPool.java:2035)
	at java.base/java.util.concurrent.ForkJoinWorkerThread.run(ForkJoinWorkerThread.java:187)
2024-06-05 12:34:27 [1;31mERROR[0;39m [36mplay.api.http.DevHttpErrorHandler[0;39m [35m[0;39m 

! @85m0i76dm - Internal server error, for (GET) [/] ->
 
play.sbt.PlayExceptions$CompilationException: Compilation error[type mismatch;
 found   : List[scala.collection.mutable.Map[String,List[String]]]
 required: Seq[String]]
	at play.sbt.PlayExceptions$CompilationException$.apply(PlayExceptions.scala:28)
	at play.sbt.PlayExceptions$CompilationException$.apply(PlayExceptions.scala:28)
	at scala.Option.map(Option.scala:230)
	at play.sbt.run.PlayReload$.$anonfun$taskFailureHandler$8(PlayReload.scala:119)
	at scala.Option.map(Option.scala:230)
	at play.sbt.run.PlayReload$.taskFailureHandler(PlayReload.scala:92)
	at play.sbt.run.PlayReload$.$anonfun$compile$3(PlayReload.scala:144)
	at scala.util.Either$LeftProjection.map(Either.scala:573)
	at play.sbt.run.PlayReload$.compile(PlayReload.scala:144)
	at sbt.PlayRun$.$anonfun$playRunTask$5(PlayRun.scala:99)
	at play.runsupport.Reloader.$anonfun$reload$1(Reloader.scala:495)
	at play.runsupport.Reloader$$anon$1.run(Reloader.scala:58)
	at java.base/java.security.AccessController.doPrivileged(AccessController.java:400)
	at play.runsupport.Reloader$.play$runsupport$Reloader$$withReloaderContextClassLoader(Reloader.scala:64)
	at play.runsupport.Reloader.reload(Reloader.scala:495)
	at play.core.server.DevServerStart$DevServerApplicationProvider$1.get(DevServerStart.scala:189)
	at play.core.server.PekkoHttpServer.handleRequest(PekkoHttpServer.scala:320)
	at play.core.server.PekkoHttpServer.$anonfun$createServerBinding$1(PekkoHttpServer.scala:224)
	at org.apache.pekko.stream.impl.fusing.MapAsyncUnordered$$anon$31.onPush(Ops.scala:1443)
	at org.apache.pekko.stream.impl.fusing.GraphInterpreter.processPush(GraphInterpreter.scala:555)
	at org.apache.pekko.stream.impl.fusing.GraphInterpreter.processEvent(GraphInterpreter.scala:506)
	at org.apache.pekko.stream.impl.fusing.GraphInterpreter.execute(GraphInterpreter.scala:400)
	at org.apache.pekko.stream.impl.fusing.GraphInterpreterShell.runBatch(ActorGraphInterpreter.scala:662)
	at org.apache.pekko.stream.impl.fusing.GraphInterpreterShell$AsyncInput.execute(ActorGraphInterpreter.scala:532)
	at org.apache.pekko.stream.impl.fusing.GraphInterpreterShell.processEvent(ActorGraphInterpreter.scala:637)
	at org.apache.pekko.stream.impl.fusing.ActorGraphInterpreter.org$apache$pekko$stream$impl$fusing$ActorGraphInterpreter$$processEvent(ActorGraphInterpreter.scala:813)
	at org.apache.pekko.stream.impl.fusing.ActorGraphInterpreter$$anonfun$receive$1.applyOrElse(ActorGraphInterpreter.scala:831)
	at org.apache.pekko.actor.Actor.aroundReceive(Actor.scala:547)
	at org.apache.pekko.actor.Actor.aroundReceive$(Actor.scala:545)
	at org.apache.pekko.stream.impl.fusing.ActorGraphInterpreter.aroundReceive(ActorGraphInterpreter.scala:729)
	at org.apache.pekko.actor.ActorCell.receiveMessage(ActorCell.scala:590)
	at org.apache.pekko.actor.ActorCell.invoke(ActorCell.scala:557)
	at org.apache.pekko.dispatch.Mailbox.processMailbox(Mailbox.scala:280)
	at org.apache.pekko.dispatch.Mailbox.run(Mailbox.scala:241)
	at org.apache.pekko.dispatch.Mailbox.exec(Mailbox.scala:253)
	at java.base/java.util.concurrent.ForkJoinTask.doExec(ForkJoinTask.java:507)
	at java.base/java.util.concurrent.ForkJoinPool$WorkQueue.topLevelExec(ForkJoinPool.java:1491)
	at java.base/java.util.concurrent.ForkJoinPool.scan(ForkJoinPool.java:2073)
	at java.base/java.util.concurrent.ForkJoinPool.runWorker(ForkJoinPool.java:2035)
	at java.base/java.util.concurrent.ForkJoinWorkerThread.run(ForkJoinWorkerThread.java:187)
2024-06-05 12:36:15 [1;31mERROR[0;39m [36mplay.api.http.DevHttpErrorHandler[0;39m [35m[0;39m 

! @85m0idaab - Internal server error, for (GET) [/] ->
 
play.sbt.PlayExceptions$CompilationException: Compilation error[not enough arguments for method map: (f: List[scala.collection.mutable.Map[String,List[String]]] => B): Option[B].
Unspecified value parameter f.]
	at play.sbt.PlayExceptions$CompilationException$.apply(PlayExceptions.scala:28)
	at play.sbt.PlayExceptions$CompilationException$.apply(PlayExceptions.scala:28)
	at scala.Option.map(Option.scala:230)
	at play.sbt.run.PlayReload$.$anonfun$taskFailureHandler$8(PlayReload.scala:119)
	at scala.Option.map(Option.scala:230)
	at play.sbt.run.PlayReload$.taskFailureHandler(PlayReload.scala:92)
	at play.sbt.run.PlayReload$.$anonfun$compile$3(PlayReload.scala:144)
	at scala.util.Either$LeftProjection.map(Either.scala:573)
	at play.sbt.run.PlayReload$.compile(PlayReload.scala:144)
	at sbt.PlayRun$.$anonfun$playRunTask$5(PlayRun.scala:99)
	at play.runsupport.Reloader.$anonfun$reload$1(Reloader.scala:495)
	at play.runsupport.Reloader$$anon$1.run(Reloader.scala:58)
	at java.base/java.security.AccessController.doPrivileged(AccessController.java:400)
	at play.runsupport.Reloader$.play$runsupport$Reloader$$withReloaderContextClassLoader(Reloader.scala:64)
	at play.runsupport.Reloader.reload(Reloader.scala:495)
	at play.core.server.DevServerStart$DevServerApplicationProvider$1.get(DevServerStart.scala:189)
	at play.core.server.PekkoHttpServer.handleRequest(PekkoHttpServer.scala:320)
	at play.core.server.PekkoHttpServer.$anonfun$createServerBinding$1(PekkoHttpServer.scala:224)
	at org.apache.pekko.stream.impl.fusing.MapAsyncUnordered$$anon$31.onPush(Ops.scala:1443)
	at org.apache.pekko.stream.impl.fusing.GraphInterpreter.processPush(GraphInterpreter.scala:555)
	at org.apache.pekko.stream.impl.fusing.GraphInterpreter.processEvent(GraphInterpreter.scala:506)
	at org.apache.pekko.stream.impl.fusing.GraphInterpreter.execute(GraphInterpreter.scala:400)
	at org.apache.pekko.stream.impl.fusing.GraphInterpreterShell.runBatch(ActorGraphInterpreter.scala:662)
	at org.apache.pekko.stream.impl.fusing.GraphInterpreterShell$AsyncInput.execute(ActorGraphInterpreter.scala:532)
	at org.apache.pekko.stream.impl.fusing.GraphInterpreterShell.processEvent(ActorGraphInterpreter.scala:637)
	at org.apache.pekko.stream.impl.fusing.ActorGraphInterpreter.org$apache$pekko$stream$impl$fusing$ActorGraphInterpreter$$processEvent(ActorGraphInterpreter.scala:813)
	at org.apache.pekko.stream.impl.fusing.ActorGraphInterpreter$$anonfun$receive$1.applyOrElse(ActorGraphInterpreter.scala:831)
	at org.apache.pekko.actor.Actor.aroundReceive(Actor.scala:547)
	at org.apache.pekko.actor.Actor.aroundReceive$(Actor.scala:545)
	at org.apache.pekko.stream.impl.fusing.ActorGraphInterpreter.aroundReceive(ActorGraphInterpreter.scala:729)
	at org.apache.pekko.actor.ActorCell.receiveMessage(ActorCell.scala:590)
	at org.apache.pekko.actor.ActorCell.invoke(ActorCell.scala:557)
	at org.apache.pekko.dispatch.Mailbox.processMailbox(Mailbox.scala:280)
	at org.apache.pekko.dispatch.Mailbox.run(Mailbox.scala:241)
	at org.apache.pekko.dispatch.Mailbox.exec(Mailbox.scala:253)
	at java.base/java.util.concurrent.ForkJoinTask.doExec(ForkJoinTask.java:507)
	at java.base/java.util.concurrent.ForkJoinPool$WorkQueue.topLevelExec(ForkJoinPool.java:1491)
	at java.base/java.util.concurrent.ForkJoinPool.scan(ForkJoinPool.java:2073)
	at java.base/java.util.concurrent.ForkJoinPool.runWorker(ForkJoinPool.java:2035)
	at java.base/java.util.concurrent.ForkJoinWorkerThread.run(ForkJoinWorkerThread.java:187)
2024-06-05 12:41:12 [1;31mERROR[0;39m [36mplay.api.http.DevHttpErrorHandler[0;39m [35m[0;39m 

! @85m0j4811 - Internal server error, for (GET) [/] ->
 
play.sbt.PlayExceptions$CompilationException: Compilation error[type mismatch;
 found   : String
 required: scala.collection.mutable.Map[String,List[String]]]
	at play.sbt.PlayExceptions$CompilationException$.apply(PlayExceptions.scala:28)
	at play.sbt.PlayExceptions$CompilationException$.apply(PlayExceptions.scala:28)
	at scala.Option.map(Option.scala:230)
	at play.sbt.run.PlayReload$.$anonfun$taskFailureHandler$8(PlayReload.scala:119)
	at scala.Option.map(Option.scala:230)
	at play.sbt.run.PlayReload$.taskFailureHandler(PlayReload.scala:92)
	at play.sbt.run.PlayReload$.$anonfun$compile$3(PlayReload.scala:144)
	at scala.util.Either$LeftProjection.map(Either.scala:573)
	at play.sbt.run.PlayReload$.compile(PlayReload.scala:144)
	at sbt.PlayRun$.$anonfun$playRunTask$5(PlayRun.scala:99)
	at play.runsupport.Reloader.$anonfun$reload$1(Reloader.scala:495)
	at play.runsupport.Reloader$$anon$1.run(Reloader.scala:58)
	at java.base/java.security.AccessController.doPrivileged(AccessController.java:400)
	at play.runsupport.Reloader$.play$runsupport$Reloader$$withReloaderContextClassLoader(Reloader.scala:64)
	at play.runsupport.Reloader.reload(Reloader.scala:495)
	at play.core.server.DevServerStart$DevServerApplicationProvider$1.get(DevServerStart.scala:189)
	at play.core.server.PekkoHttpServer.handleRequest(PekkoHttpServer.scala:320)
	at play.core.server.PekkoHttpServer.$anonfun$createServerBinding$1(PekkoHttpServer.scala:224)
	at org.apache.pekko.stream.impl.fusing.MapAsyncUnordered$$anon$31.onPush(Ops.scala:1443)
	at org.apache.pekko.stream.impl.fusing.GraphInterpreter.processPush(GraphInterpreter.scala:555)
	at org.apache.pekko.stream.impl.fusing.GraphInterpreter.processEvent(GraphInterpreter.scala:506)
	at org.apache.pekko.stream.impl.fusing.GraphInterpreter.execute(GraphInterpreter.scala:400)
	at org.apache.pekko.stream.impl.fusing.GraphInterpreterShell.runBatch(ActorGraphInterpreter.scala:662)
	at org.apache.pekko.stream.impl.fusing.GraphInterpreterShell$AsyncInput.execute(ActorGraphInterpreter.scala:532)
	at org.apache.pekko.stream.impl.fusing.GraphInterpreterShell.processEvent(ActorGraphInterpreter.scala:637)
	at org.apache.pekko.stream.impl.fusing.ActorGraphInterpreter.org$apache$pekko$stream$impl$fusing$ActorGraphInterpreter$$processEvent(ActorGraphInterpreter.scala:813)
	at org.apache.pekko.stream.impl.fusing.ActorGraphInterpreter$$anonfun$receive$1.applyOrElse(ActorGraphInterpreter.scala:831)
	at org.apache.pekko.actor.Actor.aroundReceive(Actor.scala:547)
	at org.apache.pekko.actor.Actor.aroundReceive$(Actor.scala:545)
	at org.apache.pekko.stream.impl.fusing.ActorGraphInterpreter.aroundReceive(ActorGraphInterpreter.scala:729)
	at org.apache.pekko.actor.ActorCell.receiveMessage(ActorCell.scala:590)
	at org.apache.pekko.actor.ActorCell.invoke(ActorCell.scala:557)
	at org.apache.pekko.dispatch.Mailbox.processMailbox(Mailbox.scala:280)
	at org.apache.pekko.dispatch.Mailbox.run(Mailbox.scala:241)
	at org.apache.pekko.dispatch.Mailbox.exec(Mailbox.scala:253)
	at java.base/java.util.concurrent.ForkJoinTask.doExec(ForkJoinTask.java:507)
	at java.base/java.util.concurrent.ForkJoinPool$WorkQueue.topLevelExec(ForkJoinPool.java:1491)
	at java.base/java.util.concurrent.ForkJoinPool.scan(ForkJoinPool.java:2073)
	at java.base/java.util.concurrent.ForkJoinPool.runWorker(ForkJoinPool.java:2035)
	at java.base/java.util.concurrent.ForkJoinWorkerThread.run(ForkJoinWorkerThread.java:187)
2024-06-05 12:42:12 [1;31mERROR[0;39m [36mplay.api.http.DevHttpErrorHandler[0;39m [35m[0;39m 

! @85m0j7ii5 - Internal server error, for (GET) [/] ->
 
play.sbt.PlayExceptions$CompilationException: Compilation error[type mismatch;
 found   : String
 required: scala.collection.mutable.Map[String,List[String]]]
	at play.sbt.PlayExceptions$CompilationException$.apply(PlayExceptions.scala:28)
	at play.sbt.PlayExceptions$CompilationException$.apply(PlayExceptions.scala:28)
	at scala.Option.map(Option.scala:230)
	at play.sbt.run.PlayReload$.$anonfun$taskFailureHandler$8(PlayReload.scala:119)
	at scala.Option.map(Option.scala:230)
	at play.sbt.run.PlayReload$.taskFailureHandler(PlayReload.scala:92)
	at play.sbt.run.PlayReload$.$anonfun$compile$3(PlayReload.scala:144)
	at scala.util.Either$LeftProjection.map(Either.scala:573)
	at play.sbt.run.PlayReload$.compile(PlayReload.scala:144)
	at sbt.PlayRun$.$anonfun$playRunTask$5(PlayRun.scala:99)
	at play.runsupport.Reloader.$anonfun$reload$1(Reloader.scala:495)
	at play.runsupport.Reloader$$anon$1.run(Reloader.scala:58)
	at java.base/java.security.AccessController.doPrivileged(AccessController.java:400)
	at play.runsupport.Reloader$.play$runsupport$Reloader$$withReloaderContextClassLoader(Reloader.scala:64)
	at play.runsupport.Reloader.reload(Reloader.scala:495)
	at play.core.server.DevServerStart$DevServerApplicationProvider$1.get(DevServerStart.scala:189)
	at play.core.server.PekkoHttpServer.handleRequest(PekkoHttpServer.scala:320)
	at play.core.server.PekkoHttpServer.$anonfun$createServerBinding$1(PekkoHttpServer.scala:224)
	at org.apache.pekko.stream.impl.fusing.MapAsyncUnordered$$anon$31.onPush(Ops.scala:1443)
	at org.apache.pekko.stream.impl.fusing.GraphInterpreter.processPush(GraphInterpreter.scala:555)
	at org.apache.pekko.stream.impl.fusing.GraphInterpreter.processEvent(GraphInterpreter.scala:506)
	at org.apache.pekko.stream.impl.fusing.GraphInterpreter.execute(GraphInterpreter.scala:400)
	at org.apache.pekko.stream.impl.fusing.GraphInterpreterShell.runBatch(ActorGraphInterpreter.scala:662)
	at org.apache.pekko.stream.impl.fusing.GraphInterpreterShell$AsyncInput.execute(ActorGraphInterpreter.scala:532)
	at org.apache.pekko.stream.impl.fusing.GraphInterpreterShell.processEvent(ActorGraphInterpreter.scala:637)
	at org.apache.pekko.stream.impl.fusing.ActorGraphInterpreter.org$apache$pekko$stream$impl$fusing$ActorGraphInterpreter$$processEvent(ActorGraphInterpreter.scala:813)
	at org.apache.pekko.stream.impl.fusing.ActorGraphInterpreter$$anonfun$receive$1.applyOrElse(ActorGraphInterpreter.scala:831)
	at org.apache.pekko.actor.Actor.aroundReceive(Actor.scala:547)
	at org.apache.pekko.actor.Actor.aroundReceive$(Actor.scala:545)
	at org.apache.pekko.stream.impl.fusing.ActorGraphInterpreter.aroundReceive(ActorGraphInterpreter.scala:729)
	at org.apache.pekko.actor.ActorCell.receiveMessage(ActorCell.scala:590)
	at org.apache.pekko.actor.ActorCell.invoke(ActorCell.scala:557)
	at org.apache.pekko.dispatch.Mailbox.processMailbox(Mailbox.scala:280)
	at org.apache.pekko.dispatch.Mailbox.run(Mailbox.scala:241)
	at org.apache.pekko.dispatch.Mailbox.exec(Mailbox.scala:253)
	at java.base/java.util.concurrent.ForkJoinTask.doExec(ForkJoinTask.java:507)
	at java.base/java.util.concurrent.ForkJoinPool$WorkQueue.topLevelExec(ForkJoinPool.java:1491)
	at java.base/java.util.concurrent.ForkJoinPool.scan(ForkJoinPool.java:2073)
	at java.base/java.util.concurrent.ForkJoinPool.runWorker(ForkJoinPool.java:2035)
	at java.base/java.util.concurrent.ForkJoinWorkerThread.run(ForkJoinWorkerThread.java:187)
2024-06-05 12:43:18 [34mINFO [0;39m [36mplay.api.db.HikariCPConnectionPool[0;39m [35m[0;39m Shutting down connection pool.
2024-06-05 12:43:21 [34mINFO [0;39m [36mp.a.http.HttpErrorHandlerExceptions[0;39m [35m[0;39m Registering exception handler: guice-provision-exception-handler
2024-06-05 12:43:22 [34mINFO [0;39m [36mplay.api.db.DefaultDBApi[0;39m [35m[0;39m Database [default] initialized
2024-06-05 12:43:22 [34mINFO [0;39m [36mplay.api.db.HikariCPConnectionPool[0;39m [35m[0;39m Creating Pool for datasource 'default'
2024-06-05 12:43:22 [31mWARN [0;39m [36mc.z.hikari.util.DriverDataSource[0;39m [35m[0;39m Registered driver with driverClassName=com.mysql.jdbc.Driver was not found, trying direct instantiation.
2024-06-05 12:43:22 [34mINFO [0;39m [36mplay.api.http.EnabledFilters[0;39m [35m[0;39m Enabled Filters (see <https://www.playframework.com/documentation/latest/Filters>):

    play.filters.csrf.CSRFFilter
    play.filters.headers.SecurityHeadersFilter
    play.filters.hosts.AllowedHostsFilter

2024-06-05 12:43:22 [34mINFO [0;39m [36mplay.api.Play[0;39m [35m[0;39m Application started (Dev) (no global state)
2024-06-05 12:43:22 [31mWARN [0;39m [36mp.api.mvc.DefaultJWTCookieDataCodec[0;39m [35m[0;39m decode: cookie has invalid signature! message = JWT signature does not match locally computed signature. JWT validity cannot be asserted and should not be trusted.
2024-06-05 12:43:22 [34mINFO [0;39m [36mp.api.mvc.DefaultJWTCookieDataCodec[0;39m [35m[0;39m The JWT signature in the cookie does not match the locally computed signature with the server. This usually indicates the browser has a leftover cookie from another Play application, so clearing cookies may resolve this error message.
2024-06-05 12:43:27 [31mWARN [0;39m [36mp.api.mvc.DefaultJWTCookieDataCodec[0;39m [35m[0;39m decode: cookie has invalid signature! message = JWT signature does not match locally computed signature. JWT validity cannot be asserted and should not be trusted.
2024-06-05 12:43:27 [34mINFO [0;39m [36mp.api.mvc.DefaultJWTCookieDataCodec[0;39m [35m[0;39m The JWT signature in the cookie does not match the locally computed signature with the server. This usually indicates the browser has a leftover cookie from another Play application, so clearing cookies may resolve this error message.
2024-06-05 12:46:19 [34mINFO [0;39m [36mplay.api.db.HikariCPConnectionPool[0;39m [35m[0;39m Shutting down connection pool.
2024-06-05 12:46:23 [34mINFO [0;39m [36mp.a.http.HttpErrorHandlerExceptions[0;39m [35m[0;39m Registering exception handler: guice-provision-exception-handler
2024-06-05 12:46:23 [34mINFO [0;39m [36mplay.api.db.DefaultDBApi[0;39m [35m[0;39m Database [default] initialized
2024-06-05 12:46:23 [34mINFO [0;39m [36mplay.api.db.HikariCPConnectionPool[0;39m [35m[0;39m Creating Pool for datasource 'default'
2024-06-05 12:46:23 [31mWARN [0;39m [36mc.z.hikari.util.DriverDataSource[0;39m [35m[0;39m Registered driver with driverClassName=com.mysql.jdbc.Driver was not found, trying direct instantiation.
2024-06-05 12:46:23 [34mINFO [0;39m [36mplay.api.http.EnabledFilters[0;39m [35m[0;39m Enabled Filters (see <https://www.playframework.com/documentation/latest/Filters>):

    play.filters.csrf.CSRFFilter
    play.filters.headers.SecurityHeadersFilter
    play.filters.hosts.AllowedHostsFilter

2024-06-05 12:46:23 [34mINFO [0;39m [36mplay.api.Play[0;39m [35m[0;39m Application started (Dev) (no global state)
2024-06-05 12:46:47 [34mINFO [0;39m [36mplay.api.db.HikariCPConnectionPool[0;39m [35m[0;39m Shutting down connection pool.
2024-06-05 12:46:48 [34mINFO [0;39m [36mp.a.http.HttpErrorHandlerExceptions[0;39m [35m[0;39m Registering exception handler: guice-provision-exception-handler
2024-06-05 12:46:48 [34mINFO [0;39m [36mplay.api.db.DefaultDBApi[0;39m [35m[0;39m Database [default] initialized
2024-06-05 12:46:48 [34mINFO [0;39m [36mplay.api.db.HikariCPConnectionPool[0;39m [35m[0;39m Creating Pool for datasource 'default'
2024-06-05 12:46:48 [31mWARN [0;39m [36mc.z.hikari.util.DriverDataSource[0;39m [35m[0;39m Registered driver with driverClassName=com.mysql.jdbc.Driver was not found, trying direct instantiation.
2024-06-05 12:46:48 [34mINFO [0;39m [36mplay.api.http.EnabledFilters[0;39m [35m[0;39m Enabled Filters (see <https://www.playframework.com/documentation/latest/Filters>):

    play.filters.csrf.CSRFFilter
    play.filters.headers.SecurityHeadersFilter
    play.filters.hosts.AllowedHostsFilter

2024-06-05 12:46:48 [34mINFO [0;39m [36mplay.api.Play[0;39m [35m[0;39m Application started (Dev) (no global state)
2024-06-05 12:47:09 [34mINFO [0;39m [36mplay.api.db.HikariCPConnectionPool[0;39m [35m[0;39m Shutting down connection pool.
2024-06-05 12:47:14 [34mINFO [0;39m [36mp.a.http.HttpErrorHandlerExceptions[0;39m [35m[0;39m Registering exception handler: guice-provision-exception-handler
2024-06-05 12:47:14 [34mINFO [0;39m [36mplay.api.db.DefaultDBApi[0;39m [35m[0;39m Database [default] initialized
2024-06-05 12:47:14 [34mINFO [0;39m [36mplay.api.db.HikariCPConnectionPool[0;39m [35m[0;39m Creating Pool for datasource 'default'
2024-06-05 12:47:14 [31mWARN [0;39m [36mc.z.hikari.util.DriverDataSource[0;39m [35m[0;39m Registered driver with driverClassName=com.mysql.jdbc.Driver was not found, trying direct instantiation.
2024-06-05 12:47:14 [34mINFO [0;39m [36mplay.api.http.EnabledFilters[0;39m [35m[0;39m Enabled Filters (see <https://www.playframework.com/documentation/latest/Filters>):

    play.filters.csrf.CSRFFilter
    play.filters.headers.SecurityHeadersFilter
    play.filters.hosts.AllowedHostsFilter

2024-06-05 12:47:14 [34mINFO [0;39m [36mplay.api.Play[0;39m [35m[0;39m Application started (Dev) (no global state)
2024-06-05 12:48:54 [34mINFO [0;39m [36mplay.api.db.HikariCPConnectionPool[0;39m [35m[0;39m Shutting down connection pool.
2024-06-05 12:48:54 [34mINFO [0;39m [36mp.a.http.HttpErrorHandlerExceptions[0;39m [35m[0;39m Registering exception handler: guice-provision-exception-handler
2024-06-05 12:48:54 [34mINFO [0;39m [36mplay.api.db.DefaultDBApi[0;39m [35m[0;39m Database [default] initialized
2024-06-05 12:48:54 [34mINFO [0;39m [36mplay.api.db.HikariCPConnectionPool[0;39m [35m[0;39m Creating Pool for datasource 'default'
2024-06-05 12:48:54 [31mWARN [0;39m [36mc.z.hikari.util.DriverDataSource[0;39m [35m[0;39m Registered driver with driverClassName=com.mysql.jdbc.Driver was not found, trying direct instantiation.
2024-06-05 12:48:55 [34mINFO [0;39m [36mplay.api.http.EnabledFilters[0;39m [35m[0;39m Enabled Filters (see <https://www.playframework.com/documentation/latest/Filters>):

    play.filters.csrf.CSRFFilter
    play.filters.headers.SecurityHeadersFilter
    play.filters.hosts.AllowedHostsFilter

2024-06-05 12:48:55 [34mINFO [0;39m [36mplay.api.Play[0;39m [35m[0;39m Application started (Dev) (no global state)
2024-06-05 12:49:21 [34mINFO [0;39m [36mplay.api.db.HikariCPConnectionPool[0;39m [35m[0;39m Shutting down connection pool.
2024-06-05 12:49:25 [34mINFO [0;39m [36mp.a.http.HttpErrorHandlerExceptions[0;39m [35m[0;39m Registering exception handler: guice-provision-exception-handler
2024-06-05 12:49:25 [34mINFO [0;39m [36mplay.api.db.DefaultDBApi[0;39m [35m[0;39m Database [default] initialized
2024-06-05 12:49:25 [34mINFO [0;39m [36mplay.api.db.HikariCPConnectionPool[0;39m [35m[0;39m Creating Pool for datasource 'default'
2024-06-05 12:49:25 [31mWARN [0;39m [36mc.z.hikari.util.DriverDataSource[0;39m [35m[0;39m Registered driver with driverClassName=com.mysql.jdbc.Driver was not found, trying direct instantiation.
2024-06-05 12:49:25 [34mINFO [0;39m [36mplay.api.http.EnabledFilters[0;39m [35m[0;39m Enabled Filters (see <https://www.playframework.com/documentation/latest/Filters>):

    play.filters.csrf.CSRFFilter
    play.filters.headers.SecurityHeadersFilter
    play.filters.hosts.AllowedHostsFilter

2024-06-05 12:49:25 [34mINFO [0;39m [36mplay.api.Play[0;39m [35m[0;39m Application started (Dev) (no global state)
2024-06-05 12:50:27 [34mINFO [0;39m [36mplay.api.db.HikariCPConnectionPool[0;39m [35m[0;39m Shutting down connection pool.
2024-06-05 12:50:31 [34mINFO [0;39m [36mp.a.http.HttpErrorHandlerExceptions[0;39m [35m[0;39m Registering exception handler: guice-provision-exception-handler
2024-06-05 12:50:31 [34mINFO [0;39m [36mplay.api.db.DefaultDBApi[0;39m [35m[0;39m Database [default] initialized
2024-06-05 12:50:31 [34mINFO [0;39m [36mplay.api.db.HikariCPConnectionPool[0;39m [35m[0;39m Creating Pool for datasource 'default'
2024-06-05 12:50:31 [31mWARN [0;39m [36mc.z.hikari.util.DriverDataSource[0;39m [35m[0;39m Registered driver with driverClassName=com.mysql.jdbc.Driver was not found, trying direct instantiation.
2024-06-05 12:50:31 [34mINFO [0;39m [36mplay.api.http.EnabledFilters[0;39m [35m[0;39m Enabled Filters (see <https://www.playframework.com/documentation/latest/Filters>):

    play.filters.csrf.CSRFFilter
    play.filters.headers.SecurityHeadersFilter
    play.filters.hosts.AllowedHostsFilter

2024-06-05 12:50:31 [34mINFO [0;39m [36mplay.api.Play[0;39m [35m[0;39m Application started (Dev) (no global state)
2024-06-05 12:51:39 [1;31mERROR[0;39m [36mplay.api.http.DevHttpErrorHandler[0;39m [35m[0;39m 

! @85m0kdohb - Internal server error, for (GET) [/todo] ->
 
play.sbt.PlayExceptions$CompilationException: Compilation error[type mismatch;
 found   : Iterable[(String, List[String])] with PartialFunction[String with Int,List[String]] with Equals
 required: List[scala.collection.mutable.Map[String,List[String]]]]
	at play.sbt.PlayExceptions$CompilationException$.apply(PlayExceptions.scala:28)
	at play.sbt.PlayExceptions$CompilationException$.apply(PlayExceptions.scala:28)
	at scala.Option.map(Option.scala:230)
	at play.sbt.run.PlayReload$.$anonfun$taskFailureHandler$8(PlayReload.scala:119)
	at scala.Option.map(Option.scala:230)
	at play.sbt.run.PlayReload$.taskFailureHandler(PlayReload.scala:92)
	at play.sbt.run.PlayReload$.$anonfun$compile$3(PlayReload.scala:144)
	at scala.util.Either$LeftProjection.map(Either.scala:573)
	at play.sbt.run.PlayReload$.compile(PlayReload.scala:144)
	at sbt.PlayRun$.$anonfun$playRunTask$5(PlayRun.scala:99)
	at play.runsupport.Reloader.$anonfun$reload$1(Reloader.scala:495)
	at play.runsupport.Reloader$$anon$1.run(Reloader.scala:58)
	at java.base/java.security.AccessController.doPrivileged(AccessController.java:400)
	at play.runsupport.Reloader$.play$runsupport$Reloader$$withReloaderContextClassLoader(Reloader.scala:64)
	at play.runsupport.Reloader.reload(Reloader.scala:495)
	at play.core.server.DevServerStart$DevServerApplicationProvider$1.get(DevServerStart.scala:189)
	at play.core.server.PekkoHttpServer.handleRequest(PekkoHttpServer.scala:320)
	at play.core.server.PekkoHttpServer.$anonfun$createServerBinding$1(PekkoHttpServer.scala:224)
	at org.apache.pekko.stream.impl.fusing.MapAsyncUnordered$$anon$31.onPush(Ops.scala:1443)
	at org.apache.pekko.stream.impl.fusing.GraphInterpreter.processPush(GraphInterpreter.scala:555)
	at org.apache.pekko.stream.impl.fusing.GraphInterpreter.processEvent(GraphInterpreter.scala:506)
	at org.apache.pekko.stream.impl.fusing.GraphInterpreter.execute(GraphInterpreter.scala:400)
	at org.apache.pekko.stream.impl.fusing.GraphInterpreterShell.runBatch(ActorGraphInterpreter.scala:662)
	at org.apache.pekko.stream.impl.fusing.GraphInterpreterShell$AsyncInput.execute(ActorGraphInterpreter.scala:532)
	at org.apache.pekko.stream.impl.fusing.GraphInterpreterShell.processEvent(ActorGraphInterpreter.scala:637)
	at org.apache.pekko.stream.impl.fusing.ActorGraphInterpreter.org$apache$pekko$stream$impl$fusing$ActorGraphInterpreter$$processEvent(ActorGraphInterpreter.scala:813)
	at org.apache.pekko.stream.impl.fusing.ActorGraphInterpreter$$anonfun$receive$1.applyOrElse(ActorGraphInterpreter.scala:831)
	at org.apache.pekko.actor.Actor.aroundReceive(Actor.scala:547)
	at org.apache.pekko.actor.Actor.aroundReceive$(Actor.scala:545)
	at org.apache.pekko.stream.impl.fusing.ActorGraphInterpreter.aroundReceive(ActorGraphInterpreter.scala:729)
	at org.apache.pekko.actor.ActorCell.receiveMessage(ActorCell.scala:590)
	at org.apache.pekko.actor.ActorCell.invoke(ActorCell.scala:557)
	at org.apache.pekko.dispatch.Mailbox.processMailbox(Mailbox.scala:280)
	at org.apache.pekko.dispatch.Mailbox.run(Mailbox.scala:241)
	at org.apache.pekko.dispatch.Mailbox.exec(Mailbox.scala:253)
	at java.base/java.util.concurrent.ForkJoinTask.doExec(ForkJoinTask.java:507)
	at java.base/java.util.concurrent.ForkJoinPool$WorkQueue.topLevelExec(ForkJoinPool.java:1491)
	at java.base/java.util.concurrent.ForkJoinPool.scan(ForkJoinPool.java:2073)
	at java.base/java.util.concurrent.ForkJoinPool.runWorker(ForkJoinPool.java:2035)
	at java.base/java.util.concurrent.ForkJoinWorkerThread.run(ForkJoinWorkerThread.java:187)
2024-06-05 12:52:37 [1;31mERROR[0;39m [36mplay.api.http.DevHttpErrorHandler[0;39m [35m[0;39m 

! @85m0kh6o5 - Internal server error, for (GET) [/todo] ->
 
play.sbt.PlayExceptions$CompilationException: Compilation error[type mismatch;
 found   : collection.immutable.Nil.type
 required: scala.collection.mutable.Map[String,List[String]]]
	at play.sbt.PlayExceptions$CompilationException$.apply(PlayExceptions.scala:28)
	at play.sbt.PlayExceptions$CompilationException$.apply(PlayExceptions.scala:28)
	at scala.Option.map(Option.scala:230)
	at play.sbt.run.PlayReload$.$anonfun$taskFailureHandler$8(PlayReload.scala:119)
	at scala.Option.map(Option.scala:230)
	at play.sbt.run.PlayReload$.taskFailureHandler(PlayReload.scala:92)
	at play.sbt.run.PlayReload$.$anonfun$compile$3(PlayReload.scala:144)
	at scala.util.Either$LeftProjection.map(Either.scala:573)
	at play.sbt.run.PlayReload$.compile(PlayReload.scala:144)
	at sbt.PlayRun$.$anonfun$playRunTask$5(PlayRun.scala:99)
	at play.runsupport.Reloader.$anonfun$reload$1(Reloader.scala:495)
	at play.runsupport.Reloader$$anon$1.run(Reloader.scala:58)
	at java.base/java.security.AccessController.doPrivileged(AccessController.java:400)
	at play.runsupport.Reloader$.play$runsupport$Reloader$$withReloaderContextClassLoader(Reloader.scala:64)
	at play.runsupport.Reloader.reload(Reloader.scala:495)
	at play.core.server.DevServerStart$DevServerApplicationProvider$1.get(DevServerStart.scala:189)
	at play.core.server.PekkoHttpServer.handleRequest(PekkoHttpServer.scala:320)
	at play.core.server.PekkoHttpServer.$anonfun$createServerBinding$1(PekkoHttpServer.scala:224)
	at org.apache.pekko.stream.impl.fusing.MapAsyncUnordered$$anon$31.onPush(Ops.scala:1443)
	at org.apache.pekko.stream.impl.fusing.GraphInterpreter.processPush(GraphInterpreter.scala:555)
	at org.apache.pekko.stream.impl.fusing.GraphInterpreter.processEvent(GraphInterpreter.scala:506)
	at org.apache.pekko.stream.impl.fusing.GraphInterpreter.execute(GraphInterpreter.scala:400)
	at org.apache.pekko.stream.impl.fusing.GraphInterpreterShell.runBatch(ActorGraphInterpreter.scala:662)
	at org.apache.pekko.stream.impl.fusing.GraphInterpreterShell$AsyncInput.execute(ActorGraphInterpreter.scala:532)
	at org.apache.pekko.stream.impl.fusing.GraphInterpreterShell.processEvent(ActorGraphInterpreter.scala:637)
	at org.apache.pekko.stream.impl.fusing.ActorGraphInterpreter.org$apache$pekko$stream$impl$fusing$ActorGraphInterpreter$$processEvent(ActorGraphInterpreter.scala:813)
	at org.apache.pekko.stream.impl.fusing.ActorGraphInterpreter$$anonfun$receive$1.applyOrElse(ActorGraphInterpreter.scala:831)
	at org.apache.pekko.actor.Actor.aroundReceive(Actor.scala:547)
	at org.apache.pekko.actor.Actor.aroundReceive$(Actor.scala:545)
	at org.apache.pekko.stream.impl.fusing.ActorGraphInterpreter.aroundReceive(ActorGraphInterpreter.scala:729)
	at org.apache.pekko.actor.ActorCell.receiveMessage(ActorCell.scala:590)
	at org.apache.pekko.actor.ActorCell.invoke(ActorCell.scala:557)
	at org.apache.pekko.dispatch.Mailbox.processMailbox(Mailbox.scala:280)
	at org.apache.pekko.dispatch.Mailbox.run(Mailbox.scala:241)
	at org.apache.pekko.dispatch.Mailbox.exec(Mailbox.scala:253)
	at java.base/java.util.concurrent.ForkJoinTask.doExec(ForkJoinTask.java:507)
	at java.base/java.util.concurrent.ForkJoinPool$WorkQueue.topLevelExec(ForkJoinPool.java:1491)
	at java.base/java.util.concurrent.ForkJoinPool.scan(ForkJoinPool.java:2073)
	at java.base/java.util.concurrent.ForkJoinPool.runWorker(ForkJoinPool.java:2035)
	at java.base/java.util.concurrent.ForkJoinWorkerThread.run(ForkJoinWorkerThread.java:187)
2024-06-05 12:53:07 [1;31mERROR[0;39m [36mplay.api.http.DevHttpErrorHandler[0;39m [35m[0;39m 

! @85m0kip5k - Internal server error, for (GET) [/todo] ->
 
play.sbt.PlayExceptions$CompilationException: Compilation error[value length is not a member of scala.collection.mutable.Map[String,List[String]]]
	at play.sbt.PlayExceptions$CompilationException$.apply(PlayExceptions.scala:28)
	at play.sbt.PlayExceptions$CompilationException$.apply(PlayExceptions.scala:28)
	at scala.Option.map(Option.scala:230)
	at play.sbt.run.PlayReload$.$anonfun$taskFailureHandler$8(PlayReload.scala:119)
	at scala.Option.map(Option.scala:230)
	at play.sbt.run.PlayReload$.taskFailureHandler(PlayReload.scala:92)
	at play.sbt.run.PlayReload$.$anonfun$compile$3(PlayReload.scala:144)
	at scala.util.Either$LeftProjection.map(Either.scala:573)
	at play.sbt.run.PlayReload$.compile(PlayReload.scala:144)
	at sbt.PlayRun$.$anonfun$playRunTask$5(PlayRun.scala:99)
	at play.runsupport.Reloader.$anonfun$reload$1(Reloader.scala:495)
	at play.runsupport.Reloader$$anon$1.run(Reloader.scala:58)
	at java.base/java.security.AccessController.doPrivileged(AccessController.java:400)
	at play.runsupport.Reloader$.play$runsupport$Reloader$$withReloaderContextClassLoader(Reloader.scala:64)
	at play.runsupport.Reloader.reload(Reloader.scala:495)
	at play.core.server.DevServerStart$DevServerApplicationProvider$1.get(DevServerStart.scala:189)
	at play.core.server.PekkoHttpServer.handleRequest(PekkoHttpServer.scala:320)
	at play.core.server.PekkoHttpServer.$anonfun$createServerBinding$1(PekkoHttpServer.scala:224)
	at org.apache.pekko.stream.impl.fusing.MapAsyncUnordered$$anon$31.onPush(Ops.scala:1443)
	at org.apache.pekko.stream.impl.fusing.GraphInterpreter.processPush(GraphInterpreter.scala:555)
	at org.apache.pekko.stream.impl.fusing.GraphInterpreter.processEvent(GraphInterpreter.scala:506)
	at org.apache.pekko.stream.impl.fusing.GraphInterpreter.execute(GraphInterpreter.scala:400)
	at org.apache.pekko.stream.impl.fusing.GraphInterpreterShell.runBatch(ActorGraphInterpreter.scala:662)
	at org.apache.pekko.stream.impl.fusing.GraphInterpreterShell$AsyncInput.execute(ActorGraphInterpreter.scala:532)
	at org.apache.pekko.stream.impl.fusing.GraphInterpreterShell.processEvent(ActorGraphInterpreter.scala:637)
	at org.apache.pekko.stream.impl.fusing.ActorGraphInterpreter.org$apache$pekko$stream$impl$fusing$ActorGraphInterpreter$$processEvent(ActorGraphInterpreter.scala:813)
	at org.apache.pekko.stream.impl.fusing.ActorGraphInterpreter$$anonfun$receive$1.applyOrElse(ActorGraphInterpreter.scala:831)
	at org.apache.pekko.actor.Actor.aroundReceive(Actor.scala:547)
	at org.apache.pekko.actor.Actor.aroundReceive$(Actor.scala:545)
	at org.apache.pekko.stream.impl.fusing.ActorGraphInterpreter.aroundReceive(ActorGraphInterpreter.scala:729)
	at org.apache.pekko.actor.ActorCell.receiveMessage(ActorCell.scala:590)
	at org.apache.pekko.actor.ActorCell.invoke(ActorCell.scala:557)
	at org.apache.pekko.dispatch.Mailbox.processMailbox(Mailbox.scala:280)
	at org.apache.pekko.dispatch.Mailbox.run(Mailbox.scala:241)
	at org.apache.pekko.dispatch.Mailbox.exec(Mailbox.scala:253)
	at java.base/java.util.concurrent.ForkJoinTask.doExec(ForkJoinTask.java:507)
	at java.base/java.util.concurrent.ForkJoinPool$WorkQueue.topLevelExec(ForkJoinPool.java:1491)
	at java.base/java.util.concurrent.ForkJoinPool.scan(ForkJoinPool.java:2073)
	at java.base/java.util.concurrent.ForkJoinPool.runWorker(ForkJoinPool.java:2035)
	at java.base/java.util.concurrent.ForkJoinWorkerThread.run(ForkJoinWorkerThread.java:187)
2024-06-05 12:53:17 [1;31mERROR[0;39m [36mplay.api.http.DevHttpErrorHandler[0;39m [35m[0;39m 

! @85m0kje4b - Internal server error, for (GET) [/todo] ->
 
play.sbt.PlayExceptions$CompilationException: Compilation error[type mismatch;
 found   : scala.collection.mutable.Map[String,List[String]]
 required: List[scala.collection.mutable.Map[String,List[String]]]]
	at play.sbt.PlayExceptions$CompilationException$.apply(PlayExceptions.scala:28)
	at play.sbt.PlayExceptions$CompilationException$.apply(PlayExceptions.scala:28)
	at scala.Option.map(Option.scala:230)
	at play.sbt.run.PlayReload$.$anonfun$taskFailureHandler$8(PlayReload.scala:119)
	at scala.Option.map(Option.scala:230)
	at play.sbt.run.PlayReload$.taskFailureHandler(PlayReload.scala:92)
	at play.sbt.run.PlayReload$.$anonfun$compile$3(PlayReload.scala:144)
	at scala.util.Either$LeftProjection.map(Either.scala:573)
	at play.sbt.run.PlayReload$.compile(PlayReload.scala:144)
	at sbt.PlayRun$.$anonfun$playRunTask$5(PlayRun.scala:99)
	at play.runsupport.Reloader.$anonfun$reload$1(Reloader.scala:495)
	at play.runsupport.Reloader$$anon$1.run(Reloader.scala:58)
	at java.base/java.security.AccessController.doPrivileged(AccessController.java:400)
	at play.runsupport.Reloader$.play$runsupport$Reloader$$withReloaderContextClassLoader(Reloader.scala:64)
	at play.runsupport.Reloader.reload(Reloader.scala:495)
	at play.core.server.DevServerStart$DevServerApplicationProvider$1.get(DevServerStart.scala:189)
	at play.core.server.PekkoHttpServer.handleRequest(PekkoHttpServer.scala:320)
	at play.core.server.PekkoHttpServer.$anonfun$createServerBinding$1(PekkoHttpServer.scala:224)
	at org.apache.pekko.stream.impl.fusing.MapAsyncUnordered$$anon$31.onPush(Ops.scala:1443)
	at org.apache.pekko.stream.impl.fusing.GraphInterpreter.processPush(GraphInterpreter.scala:555)
	at org.apache.pekko.stream.impl.fusing.GraphInterpreter.processEvent(GraphInterpreter.scala:506)
	at org.apache.pekko.stream.impl.fusing.GraphInterpreter.execute(GraphInterpreter.scala:400)
	at org.apache.pekko.stream.impl.fusing.GraphInterpreterShell.runBatch(ActorGraphInterpreter.scala:662)
	at org.apache.pekko.stream.impl.fusing.GraphInterpreterShell$AsyncInput.execute(ActorGraphInterpreter.scala:532)
	at org.apache.pekko.stream.impl.fusing.GraphInterpreterShell.processEvent(ActorGraphInterpreter.scala:637)
	at org.apache.pekko.stream.impl.fusing.ActorGraphInterpreter.org$apache$pekko$stream$impl$fusing$ActorGraphInterpreter$$processEvent(ActorGraphInterpreter.scala:813)
	at org.apache.pekko.stream.impl.fusing.ActorGraphInterpreter$$anonfun$receive$1.applyOrElse(ActorGraphInterpreter.scala:831)
	at org.apache.pekko.actor.Actor.aroundReceive(Actor.scala:547)
	at org.apache.pekko.actor.Actor.aroundReceive$(Actor.scala:545)
	at org.apache.pekko.stream.impl.fusing.ActorGraphInterpreter.aroundReceive(ActorGraphInterpreter.scala:729)
	at org.apache.pekko.actor.ActorCell.receiveMessage(ActorCell.scala:590)
	at org.apache.pekko.actor.ActorCell.invoke(ActorCell.scala:557)
	at org.apache.pekko.dispatch.Mailbox.processMailbox(Mailbox.scala:280)
	at org.apache.pekko.dispatch.Mailbox.run(Mailbox.scala:241)
	at org.apache.pekko.dispatch.Mailbox.exec(Mailbox.scala:253)
	at java.base/java.util.concurrent.ForkJoinTask.doExec(ForkJoinTask.java:507)
	at java.base/java.util.concurrent.ForkJoinPool$WorkQueue.topLevelExec(ForkJoinPool.java:1491)
	at java.base/java.util.concurrent.ForkJoinPool.scan(ForkJoinPool.java:2073)
	at java.base/java.util.concurrent.ForkJoinPool.runWorker(ForkJoinPool.java:2035)
	at java.base/java.util.concurrent.ForkJoinWorkerThread.run(ForkJoinWorkerThread.java:187)
2024-06-05 12:53:43 [1;31mERROR[0;39m [36mplay.api.http.DevHttpErrorHandler[0;39m [35m[0;39m 

! @85m0kkpja - Internal server error, for (GET) [/todo] ->
 
play.sbt.PlayExceptions$CompilationException: Compilation error[type mismatch;
 found   : collection.immutable.Nil.type
 required: scala.collection.mutable.Map[String,List[String]]]
	at play.sbt.PlayExceptions$CompilationException$.apply(PlayExceptions.scala:28)
	at play.sbt.PlayExceptions$CompilationException$.apply(PlayExceptions.scala:28)
	at scala.Option.map(Option.scala:230)
	at play.sbt.run.PlayReload$.$anonfun$taskFailureHandler$8(PlayReload.scala:119)
	at scala.Option.map(Option.scala:230)
	at play.sbt.run.PlayReload$.taskFailureHandler(PlayReload.scala:92)
	at play.sbt.run.PlayReload$.$anonfun$compile$3(PlayReload.scala:144)
	at scala.util.Either$LeftProjection.map(Either.scala:573)
	at play.sbt.run.PlayReload$.compile(PlayReload.scala:144)
	at sbt.PlayRun$.$anonfun$playRunTask$5(PlayRun.scala:99)
	at play.runsupport.Reloader.$anonfun$reload$1(Reloader.scala:495)
	at play.runsupport.Reloader$$anon$1.run(Reloader.scala:58)
	at java.base/java.security.AccessController.doPrivileged(AccessController.java:400)
	at play.runsupport.Reloader$.play$runsupport$Reloader$$withReloaderContextClassLoader(Reloader.scala:64)
	at play.runsupport.Reloader.reload(Reloader.scala:495)
	at play.core.server.DevServerStart$DevServerApplicationProvider$1.get(DevServerStart.scala:189)
	at play.core.server.PekkoHttpServer.handleRequest(PekkoHttpServer.scala:320)
	at play.core.server.PekkoHttpServer.$anonfun$createServerBinding$1(PekkoHttpServer.scala:224)
	at org.apache.pekko.stream.impl.fusing.MapAsyncUnordered$$anon$31.onPush(Ops.scala:1443)
	at org.apache.pekko.stream.impl.fusing.GraphInterpreter.processPush(GraphInterpreter.scala:555)
	at org.apache.pekko.stream.impl.fusing.GraphInterpreter.processEvent(GraphInterpreter.scala:506)
	at org.apache.pekko.stream.impl.fusing.GraphInterpreter.execute(GraphInterpreter.scala:400)
	at org.apache.pekko.stream.impl.fusing.GraphInterpreterShell.runBatch(ActorGraphInterpreter.scala:662)
	at org.apache.pekko.stream.impl.fusing.GraphInterpreterShell$AsyncInput.execute(ActorGraphInterpreter.scala:532)
	at org.apache.pekko.stream.impl.fusing.GraphInterpreterShell.processEvent(ActorGraphInterpreter.scala:637)
	at org.apache.pekko.stream.impl.fusing.ActorGraphInterpreter.org$apache$pekko$stream$impl$fusing$ActorGraphInterpreter$$processEvent(ActorGraphInterpreter.scala:813)
	at org.apache.pekko.stream.impl.fusing.ActorGraphInterpreter$$anonfun$receive$1.applyOrElse(ActorGraphInterpreter.scala:831)
	at org.apache.pekko.actor.Actor.aroundReceive(Actor.scala:547)
	at org.apache.pekko.actor.Actor.aroundReceive$(Actor.scala:545)
	at org.apache.pekko.stream.impl.fusing.ActorGraphInterpreter.aroundReceive(ActorGraphInterpreter.scala:729)
	at org.apache.pekko.actor.ActorCell.receiveMessage(ActorCell.scala:590)
	at org.apache.pekko.actor.ActorCell.invoke(ActorCell.scala:557)
	at org.apache.pekko.dispatch.Mailbox.processMailbox(Mailbox.scala:280)
	at org.apache.pekko.dispatch.Mailbox.run(Mailbox.scala:241)
	at org.apache.pekko.dispatch.Mailbox.exec(Mailbox.scala:253)
	at java.base/java.util.concurrent.ForkJoinTask.doExec(ForkJoinTask.java:507)
	at java.base/java.util.concurrent.ForkJoinPool$WorkQueue.topLevelExec(ForkJoinPool.java:1491)
	at java.base/java.util.concurrent.ForkJoinPool.scan(ForkJoinPool.java:2073)
	at java.base/java.util.concurrent.ForkJoinPool.runWorker(ForkJoinPool.java:2035)
	at java.base/java.util.concurrent.ForkJoinWorkerThread.run(ForkJoinWorkerThread.java:187)
2024-06-05 12:54:05 [34mINFO [0;39m [36mplay.api.db.HikariCPConnectionPool[0;39m [35m[0;39m Shutting down connection pool.
2024-06-05 12:54:07 [34mINFO [0;39m [36mp.a.http.HttpErrorHandlerExceptions[0;39m [35m[0;39m Registering exception handler: guice-provision-exception-handler
2024-06-05 12:54:07 [34mINFO [0;39m [36mplay.api.db.DefaultDBApi[0;39m [35m[0;39m Database [default] initialized
2024-06-05 12:54:07 [34mINFO [0;39m [36mplay.api.db.HikariCPConnectionPool[0;39m [35m[0;39m Creating Pool for datasource 'default'
2024-06-05 12:54:07 [31mWARN [0;39m [36mc.z.hikari.util.DriverDataSource[0;39m [35m[0;39m Registered driver with driverClassName=com.mysql.jdbc.Driver was not found, trying direct instantiation.
2024-06-05 12:54:07 [34mINFO [0;39m [36mplay.api.http.EnabledFilters[0;39m [35m[0;39m Enabled Filters (see <https://www.playframework.com/documentation/latest/Filters>):

    play.filters.csrf.CSRFFilter
    play.filters.headers.SecurityHeadersFilter
    play.filters.hosts.AllowedHostsFilter

2024-06-05 12:54:07 [34mINFO [0;39m [36mplay.api.Play[0;39m [35m[0;39m Application started (Dev) (no global state)
2024-06-05 12:54:24 [34mINFO [0;39m [36mplay.api.db.HikariCPConnectionPool[0;39m [35m[0;39m Shutting down connection pool.
2024-06-05 12:54:27 [34mINFO [0;39m [36mp.a.http.HttpErrorHandlerExceptions[0;39m [35m[0;39m Registering exception handler: guice-provision-exception-handler
2024-06-05 12:54:28 [34mINFO [0;39m [36mplay.api.db.DefaultDBApi[0;39m [35m[0;39m Database [default] initialized
2024-06-05 12:54:28 [34mINFO [0;39m [36mplay.api.db.HikariCPConnectionPool[0;39m [35m[0;39m Creating Pool for datasource 'default'
2024-06-05 12:54:28 [31mWARN [0;39m [36mc.z.hikari.util.DriverDataSource[0;39m [35m[0;39m Registered driver with driverClassName=com.mysql.jdbc.Driver was not found, trying direct instantiation.
2024-06-05 12:54:28 [34mINFO [0;39m [36mplay.api.http.EnabledFilters[0;39m [35m[0;39m Enabled Filters (see <https://www.playframework.com/documentation/latest/Filters>):

    play.filters.csrf.CSRFFilter
    play.filters.headers.SecurityHeadersFilter
    play.filters.hosts.AllowedHostsFilter

2024-06-05 12:54:28 [34mINFO [0;39m [36mplay.api.Play[0;39m [35m[0;39m Application started (Dev) (no global state)
2024-06-05 12:54:51 [34mINFO [0;39m [36mplay.api.db.HikariCPConnectionPool[0;39m [35m[0;39m Shutting down connection pool.
2024-06-05 12:54:53 [34mINFO [0;39m [36mp.a.http.HttpErrorHandlerExceptions[0;39m [35m[0;39m Registering exception handler: guice-provision-exception-handler
2024-06-05 12:54:53 [34mINFO [0;39m [36mplay.api.db.DefaultDBApi[0;39m [35m[0;39m Database [default] initialized
2024-06-05 12:54:53 [34mINFO [0;39m [36mplay.api.db.HikariCPConnectionPool[0;39m [35m[0;39m Creating Pool for datasource 'default'
2024-06-05 12:54:53 [31mWARN [0;39m [36mc.z.hikari.util.DriverDataSource[0;39m [35m[0;39m Registered driver with driverClassName=com.mysql.jdbc.Driver was not found, trying direct instantiation.
2024-06-05 12:54:53 [34mINFO [0;39m [36mplay.api.http.EnabledFilters[0;39m [35m[0;39m Enabled Filters (see <https://www.playframework.com/documentation/latest/Filters>):

    play.filters.csrf.CSRFFilter
    play.filters.headers.SecurityHeadersFilter
    play.filters.hosts.AllowedHostsFilter

2024-06-05 12:54:53 [34mINFO [0;39m [36mplay.api.Play[0;39m [35m[0;39m Application started (Dev) (no global state)
2024-06-05 13:01:50 [34mINFO [0;39m [36mplay.api.db.HikariCPConnectionPool[0;39m [35m[0;39m Shutting down connection pool.
2024-06-05 13:01:55 [34mINFO [0;39m [36mp.a.http.HttpErrorHandlerExceptions[0;39m [35m[0;39m Registering exception handler: guice-provision-exception-handler
2024-06-05 13:01:55 [34mINFO [0;39m [36mplay.api.db.DefaultDBApi[0;39m [35m[0;39m Database [default] initialized
2024-06-05 13:01:55 [34mINFO [0;39m [36mplay.api.db.HikariCPConnectionPool[0;39m [35m[0;39m Creating Pool for datasource 'default'
2024-06-05 13:01:55 [31mWARN [0;39m [36mc.z.hikari.util.DriverDataSource[0;39m [35m[0;39m Registered driver with driverClassName=com.mysql.jdbc.Driver was not found, trying direct instantiation.
2024-06-05 13:01:55 [34mINFO [0;39m [36mplay.api.http.EnabledFilters[0;39m [35m[0;39m Enabled Filters (see <https://www.playframework.com/documentation/latest/Filters>):

    play.filters.csrf.CSRFFilter
    play.filters.headers.SecurityHeadersFilter
    play.filters.hosts.AllowedHostsFilter

2024-06-05 13:01:55 [34mINFO [0;39m [36mplay.api.Play[0;39m [35m[0;39m Application started (Dev) (no global state)
2024-06-05 13:04:40 [34mINFO [0;39m [36mplay.api.db.HikariCPConnectionPool[0;39m [35m[0;39m Shutting down connection pool.
2024-06-05 13:04:41 [34mINFO [0;39m [36mp.a.http.HttpErrorHandlerExceptions[0;39m [35m[0;39m Registering exception handler: guice-provision-exception-handler
2024-06-05 13:04:41 [34mINFO [0;39m [36mplay.api.db.DefaultDBApi[0;39m [35m[0;39m Database [default] initialized
2024-06-05 13:04:41 [34mINFO [0;39m [36mplay.api.db.HikariCPConnectionPool[0;39m [35m[0;39m Creating Pool for datasource 'default'
2024-06-05 13:04:41 [31mWARN [0;39m [36mc.z.hikari.util.DriverDataSource[0;39m [35m[0;39m Registered driver with driverClassName=com.mysql.jdbc.Driver was not found, trying direct instantiation.
2024-06-05 13:04:41 [34mINFO [0;39m [36mplay.api.http.EnabledFilters[0;39m [35m[0;39m Enabled Filters (see <https://www.playframework.com/documentation/latest/Filters>):

    play.filters.csrf.CSRFFilter
    play.filters.headers.SecurityHeadersFilter
    play.filters.hosts.AllowedHostsFilter

2024-06-05 13:04:41 [34mINFO [0;39m [36mplay.api.Play[0;39m [35m[0;39m Application started (Dev) (no global state)
2024-06-05 13:05:45 [1;31mERROR[0;39m [36mplay.api.http.DevHttpErrorHandler[0;39m [35m[0;39m 

! @85m0ma24e - Internal server error, for (GET) [/todo] ->
 
play.sbt.PlayExceptions$CompilationException: Compilation error[Not parsed?]
	at play.sbt.PlayExceptions$CompilationException$.apply(PlayExceptions.scala:28)
	at play.sbt.PlayExceptions$CompilationException$.apply(PlayExceptions.scala:28)
	at scala.Option.map(Option.scala:230)
	at play.sbt.run.PlayReload$.$anonfun$taskFailureHandler$8(PlayReload.scala:119)
	at scala.Option.map(Option.scala:230)
	at play.sbt.run.PlayReload$.taskFailureHandler(PlayReload.scala:92)
	at play.sbt.run.PlayReload$.$anonfun$compile$3(PlayReload.scala:144)
	at scala.util.Either$LeftProjection.map(Either.scala:573)
	at play.sbt.run.PlayReload$.compile(PlayReload.scala:144)
	at sbt.PlayRun$.$anonfun$playRunTask$5(PlayRun.scala:99)
	at play.runsupport.Reloader.$anonfun$reload$1(Reloader.scala:495)
	at play.runsupport.Reloader$$anon$1.run(Reloader.scala:58)
	at java.base/java.security.AccessController.doPrivileged(AccessController.java:400)
	at play.runsupport.Reloader$.play$runsupport$Reloader$$withReloaderContextClassLoader(Reloader.scala:64)
	at play.runsupport.Reloader.reload(Reloader.scala:495)
	at play.core.server.DevServerStart$DevServerApplicationProvider$1.get(DevServerStart.scala:189)
	at play.core.server.PekkoHttpServer.handleRequest(PekkoHttpServer.scala:320)
	at play.core.server.PekkoHttpServer.$anonfun$createServerBinding$1(PekkoHttpServer.scala:224)
	at org.apache.pekko.stream.impl.fusing.MapAsyncUnordered$$anon$31.onPush(Ops.scala:1443)
	at org.apache.pekko.stream.impl.fusing.GraphInterpreter.processPush(GraphInterpreter.scala:555)
	at org.apache.pekko.stream.impl.fusing.GraphInterpreter.processEvent(GraphInterpreter.scala:506)
	at org.apache.pekko.stream.impl.fusing.GraphInterpreter.execute(GraphInterpreter.scala:400)
	at org.apache.pekko.stream.impl.fusing.GraphInterpreterShell.runBatch(ActorGraphInterpreter.scala:662)
	at org.apache.pekko.stream.impl.fusing.GraphInterpreterShell$AsyncInput.execute(ActorGraphInterpreter.scala:532)
	at org.apache.pekko.stream.impl.fusing.GraphInterpreterShell.processEvent(ActorGraphInterpreter.scala:637)
	at org.apache.pekko.stream.impl.fusing.ActorGraphInterpreter.org$apache$pekko$stream$impl$fusing$ActorGraphInterpreter$$processEvent(ActorGraphInterpreter.scala:813)
	at org.apache.pekko.stream.impl.fusing.ActorGraphInterpreter$$anonfun$receive$1.applyOrElse(ActorGraphInterpreter.scala:831)
	at org.apache.pekko.actor.Actor.aroundReceive(Actor.scala:547)
	at org.apache.pekko.actor.Actor.aroundReceive$(Actor.scala:545)
	at org.apache.pekko.stream.impl.fusing.ActorGraphInterpreter.aroundReceive(ActorGraphInterpreter.scala:729)
	at org.apache.pekko.actor.ActorCell.receiveMessage(ActorCell.scala:590)
	at org.apache.pekko.actor.ActorCell.invoke(ActorCell.scala:557)
	at org.apache.pekko.dispatch.Mailbox.processMailbox(Mailbox.scala:280)
	at org.apache.pekko.dispatch.Mailbox.run(Mailbox.scala:241)
	at org.apache.pekko.dispatch.Mailbox.exec(Mailbox.scala:253)
	at java.base/java.util.concurrent.ForkJoinTask.doExec(ForkJoinTask.java:507)
	at java.base/java.util.concurrent.ForkJoinPool$WorkQueue.topLevelExec(ForkJoinPool.java:1491)
	at java.base/java.util.concurrent.ForkJoinPool.scan(ForkJoinPool.java:2073)
	at java.base/java.util.concurrent.ForkJoinPool.runWorker(ForkJoinPool.java:2035)
	at java.base/java.util.concurrent.ForkJoinWorkerThread.run(ForkJoinWorkerThread.java:187)
2024-06-05 13:06:04 [34mINFO [0;39m [36mplay.api.db.HikariCPConnectionPool[0;39m [35m[0;39m Shutting down connection pool.
2024-06-05 13:06:07 [34mINFO [0;39m [36mp.a.http.HttpErrorHandlerExceptions[0;39m [35m[0;39m Registering exception handler: guice-provision-exception-handler
2024-06-05 13:06:07 [34mINFO [0;39m [36mplay.api.db.DefaultDBApi[0;39m [35m[0;39m Database [default] initialized
2024-06-05 13:06:07 [34mINFO [0;39m [36mplay.api.db.HikariCPConnectionPool[0;39m [35m[0;39m Creating Pool for datasource 'default'
2024-06-05 13:06:07 [31mWARN [0;39m [36mc.z.hikari.util.DriverDataSource[0;39m [35m[0;39m Registered driver with driverClassName=com.mysql.jdbc.Driver was not found, trying direct instantiation.
2024-06-05 13:06:07 [34mINFO [0;39m [36mplay.api.http.EnabledFilters[0;39m [35m[0;39m Enabled Filters (see <https://www.playframework.com/documentation/latest/Filters>):

    play.filters.csrf.CSRFFilter
    play.filters.headers.SecurityHeadersFilter
    play.filters.hosts.AllowedHostsFilter

2024-06-05 13:06:07 [34mINFO [0;39m [36mplay.api.Play[0;39m [35m[0;39m Application started (Dev) (no global state)
2024-06-05 13:13:29 [1;31mERROR[0;39m [36mplay.api.http.DevHttpErrorHandler[0;39m [35m[0;39m 

! @85m0nadg3 - Internal server error, for (GET) [/todo] ->
 
play.sbt.PlayExceptions$CompilationException: Compilation error[type mismatch;
 found   : Option[List[String]]
 required: scala.collection.mutable.Map[String,List[String]]]
	at play.sbt.PlayExceptions$CompilationException$.apply(PlayExceptions.scala:28)
	at play.sbt.PlayExceptions$CompilationException$.apply(PlayExceptions.scala:28)
	at scala.Option.map(Option.scala:230)
	at play.sbt.run.PlayReload$.$anonfun$taskFailureHandler$8(PlayReload.scala:119)
	at scala.Option.map(Option.scala:230)
	at play.sbt.run.PlayReload$.taskFailureHandler(PlayReload.scala:92)
	at play.sbt.run.PlayReload$.$anonfun$compile$3(PlayReload.scala:144)
	at scala.util.Either$LeftProjection.map(Either.scala:573)
	at play.sbt.run.PlayReload$.compile(PlayReload.scala:144)
	at sbt.PlayRun$.$anonfun$playRunTask$5(PlayRun.scala:99)
	at play.runsupport.Reloader.$anonfun$reload$1(Reloader.scala:495)
	at play.runsupport.Reloader$$anon$1.run(Reloader.scala:58)
	at java.base/java.security.AccessController.doPrivileged(AccessController.java:400)
	at play.runsupport.Reloader$.play$runsupport$Reloader$$withReloaderContextClassLoader(Reloader.scala:64)
	at play.runsupport.Reloader.reload(Reloader.scala:495)
	at play.core.server.DevServerStart$DevServerApplicationProvider$1.get(DevServerStart.scala:189)
	at play.core.server.PekkoHttpServer.handleRequest(PekkoHttpServer.scala:320)
	at play.core.server.PekkoHttpServer.$anonfun$createServerBinding$1(PekkoHttpServer.scala:224)
	at org.apache.pekko.stream.impl.fusing.MapAsyncUnordered$$anon$31.onPush(Ops.scala:1443)
	at org.apache.pekko.stream.impl.fusing.GraphInterpreter.processPush(GraphInterpreter.scala:555)
	at org.apache.pekko.stream.impl.fusing.GraphInterpreter.processEvent(GraphInterpreter.scala:506)
	at org.apache.pekko.stream.impl.fusing.GraphInterpreter.execute(GraphInterpreter.scala:400)
	at org.apache.pekko.stream.impl.fusing.GraphInterpreterShell.runBatch(ActorGraphInterpreter.scala:662)
	at org.apache.pekko.stream.impl.fusing.GraphInterpreterShell$AsyncInput.execute(ActorGraphInterpreter.scala:532)
	at org.apache.pekko.stream.impl.fusing.GraphInterpreterShell.processEvent(ActorGraphInterpreter.scala:637)
	at org.apache.pekko.stream.impl.fusing.ActorGraphInterpreter.org$apache$pekko$stream$impl$fusing$ActorGraphInterpreter$$processEvent(ActorGraphInterpreter.scala:813)
	at org.apache.pekko.stream.impl.fusing.ActorGraphInterpreter$$anonfun$receive$1.applyOrElse(ActorGraphInterpreter.scala:831)
	at org.apache.pekko.actor.Actor.aroundReceive(Actor.scala:547)
	at org.apache.pekko.actor.Actor.aroundReceive$(Actor.scala:545)
	at org.apache.pekko.stream.impl.fusing.ActorGraphInterpreter.aroundReceive(ActorGraphInterpreter.scala:729)
	at org.apache.pekko.actor.ActorCell.receiveMessage(ActorCell.scala:590)
	at org.apache.pekko.actor.ActorCell.invoke(ActorCell.scala:557)
	at org.apache.pekko.dispatch.Mailbox.processMailbox(Mailbox.scala:280)
	at org.apache.pekko.dispatch.Mailbox.run(Mailbox.scala:241)
	at org.apache.pekko.dispatch.Mailbox.exec(Mailbox.scala:253)
	at java.base/java.util.concurrent.ForkJoinTask.doExec(ForkJoinTask.java:507)
	at java.base/java.util.concurrent.ForkJoinPool$WorkQueue.topLevelExec(ForkJoinPool.java:1491)
	at java.base/java.util.concurrent.ForkJoinPool.scan(ForkJoinPool.java:2073)
	at java.base/java.util.concurrent.ForkJoinPool.runWorker(ForkJoinPool.java:2035)
	at java.base/java.util.concurrent.ForkJoinWorkerThread.run(ForkJoinWorkerThread.java:187)
2024-06-05 13:14:00 [34mINFO [0;39m [36mplay.api.db.HikariCPConnectionPool[0;39m [35m[0;39m Shutting down connection pool.
2024-06-05 13:14:04 [34mINFO [0;39m [36mp.a.http.HttpErrorHandlerExceptions[0;39m [35m[0;39m Registering exception handler: guice-provision-exception-handler
2024-06-05 13:14:04 [34mINFO [0;39m [36mplay.api.db.DefaultDBApi[0;39m [35m[0;39m Database [default] initialized
2024-06-05 13:14:04 [34mINFO [0;39m [36mplay.api.db.HikariCPConnectionPool[0;39m [35m[0;39m Creating Pool for datasource 'default'
2024-06-05 13:14:04 [31mWARN [0;39m [36mc.z.hikari.util.DriverDataSource[0;39m [35m[0;39m Registered driver with driverClassName=com.mysql.jdbc.Driver was not found, trying direct instantiation.
2024-06-05 13:14:04 [34mINFO [0;39m [36mplay.api.http.EnabledFilters[0;39m [35m[0;39m Enabled Filters (see <https://www.playframework.com/documentation/latest/Filters>):

    play.filters.csrf.CSRFFilter
    play.filters.headers.SecurityHeadersFilter
    play.filters.hosts.AllowedHostsFilter

2024-06-05 13:14:04 [34mINFO [0;39m [36mplay.api.Play[0;39m [35m[0;39m Application started (Dev) (no global state)
2024-06-05 13:16:17 [1;31mERROR[0;39m [36mplay.api.http.DevHttpErrorHandler[0;39m [35m[0;39m 

! @85m0nk23i - Internal server error, for (GET) [/todo] ->
 
play.sbt.PlayExceptions$CompilationException: Compilation error[type mismatch;
 found   : scala.collection.mutable.Map[String,List[String]]
 required: (String, List[String])]
	at play.sbt.PlayExceptions$CompilationException$.apply(PlayExceptions.scala:28)
	at play.sbt.PlayExceptions$CompilationException$.apply(PlayExceptions.scala:28)
	at scala.Option.map(Option.scala:230)
	at play.sbt.run.PlayReload$.$anonfun$taskFailureHandler$8(PlayReload.scala:119)
	at scala.Option.map(Option.scala:230)
	at play.sbt.run.PlayReload$.taskFailureHandler(PlayReload.scala:92)
	at play.sbt.run.PlayReload$.$anonfun$compile$3(PlayReload.scala:144)
	at scala.util.Either$LeftProjection.map(Either.scala:573)
	at play.sbt.run.PlayReload$.compile(PlayReload.scala:144)
	at sbt.PlayRun$.$anonfun$playRunTask$5(PlayRun.scala:99)
	at play.runsupport.Reloader.$anonfun$reload$1(Reloader.scala:495)
	at play.runsupport.Reloader$$anon$1.run(Reloader.scala:58)
	at java.base/java.security.AccessController.doPrivileged(AccessController.java:400)
	at play.runsupport.Reloader$.play$runsupport$Reloader$$withReloaderContextClassLoader(Reloader.scala:64)
	at play.runsupport.Reloader.reload(Reloader.scala:495)
	at play.core.server.DevServerStart$DevServerApplicationProvider$1.get(DevServerStart.scala:189)
	at play.core.server.PekkoHttpServer.handleRequest(PekkoHttpServer.scala:320)
	at play.core.server.PekkoHttpServer.$anonfun$createServerBinding$1(PekkoHttpServer.scala:224)
	at org.apache.pekko.stream.impl.fusing.MapAsyncUnordered$$anon$31.onPush(Ops.scala:1443)
	at org.apache.pekko.stream.impl.fusing.GraphInterpreter.processPush(GraphInterpreter.scala:555)
	at org.apache.pekko.stream.impl.fusing.GraphInterpreter.processEvent(GraphInterpreter.scala:506)
	at org.apache.pekko.stream.impl.fusing.GraphInterpreter.execute(GraphInterpreter.scala:400)
	at org.apache.pekko.stream.impl.fusing.GraphInterpreterShell.runBatch(ActorGraphInterpreter.scala:662)
	at org.apache.pekko.stream.impl.fusing.GraphInterpreterShell$AsyncInput.execute(ActorGraphInterpreter.scala:532)
	at org.apache.pekko.stream.impl.fusing.GraphInterpreterShell.processEvent(ActorGraphInterpreter.scala:637)
	at org.apache.pekko.stream.impl.fusing.ActorGraphInterpreter.org$apache$pekko$stream$impl$fusing$ActorGraphInterpreter$$processEvent(ActorGraphInterpreter.scala:813)
	at org.apache.pekko.stream.impl.fusing.ActorGraphInterpreter$$anonfun$receive$1.applyOrElse(ActorGraphInterpreter.scala:831)
	at org.apache.pekko.actor.Actor.aroundReceive(Actor.scala:547)
	at org.apache.pekko.actor.Actor.aroundReceive$(Actor.scala:545)
	at org.apache.pekko.stream.impl.fusing.ActorGraphInterpreter.aroundReceive(ActorGraphInterpreter.scala:729)
	at org.apache.pekko.actor.ActorCell.receiveMessage(ActorCell.scala:590)
	at org.apache.pekko.actor.ActorCell.invoke(ActorCell.scala:557)
	at org.apache.pekko.dispatch.Mailbox.processMailbox(Mailbox.scala:280)
	at org.apache.pekko.dispatch.Mailbox.run(Mailbox.scala:241)
	at org.apache.pekko.dispatch.Mailbox.exec(Mailbox.scala:253)
	at java.base/java.util.concurrent.ForkJoinTask.doExec(ForkJoinTask.java:507)
	at java.base/java.util.concurrent.ForkJoinPool$WorkQueue.topLevelExec(ForkJoinPool.java:1491)
	at java.base/java.util.concurrent.ForkJoinPool.scan(ForkJoinPool.java:2073)
	at java.base/java.util.concurrent.ForkJoinPool.runWorker(ForkJoinPool.java:2035)
	at java.base/java.util.concurrent.ForkJoinWorkerThread.run(ForkJoinWorkerThread.java:187)
2024-06-05 13:18:38 [34mINFO [0;39m [36mplay.api.db.HikariCPConnectionPool[0;39m [35m[0;39m Shutting down connection pool.
2024-06-05 13:18:41 [34mINFO [0;39m [36mp.a.http.HttpErrorHandlerExceptions[0;39m [35m[0;39m Registering exception handler: guice-provision-exception-handler
2024-06-05 13:18:41 [34mINFO [0;39m [36mplay.api.db.DefaultDBApi[0;39m [35m[0;39m Database [default] initialized
2024-06-05 13:18:41 [34mINFO [0;39m [36mplay.api.db.HikariCPConnectionPool[0;39m [35m[0;39m Creating Pool for datasource 'default'
2024-06-05 13:18:41 [31mWARN [0;39m [36mc.z.hikari.util.DriverDataSource[0;39m [35m[0;39m Registered driver with driverClassName=com.mysql.jdbc.Driver was not found, trying direct instantiation.
2024-06-05 13:18:41 [34mINFO [0;39m [36mplay.api.http.EnabledFilters[0;39m [35m[0;39m Enabled Filters (see <https://www.playframework.com/documentation/latest/Filters>):

    play.filters.csrf.CSRFFilter
    play.filters.headers.SecurityHeadersFilter
    play.filters.hosts.AllowedHostsFilter

2024-06-05 13:18:41 [34mINFO [0;39m [36mplay.api.Play[0;39m [35m[0;39m Application started (Dev) (no global state)
2024-06-05 13:23:40 [34mINFO [0;39m [36mplay.api.db.HikariCPConnectionPool[0;39m [35m[0;39m Shutting down connection pool.
2024-06-05 13:23:43 [34mINFO [0;39m [36mp.a.http.HttpErrorHandlerExceptions[0;39m [35m[0;39m Registering exception handler: guice-provision-exception-handler
2024-06-05 13:23:43 [34mINFO [0;39m [36mplay.api.db.DefaultDBApi[0;39m [35m[0;39m Database [default] initialized
2024-06-05 13:23:43 [34mINFO [0;39m [36mplay.api.db.HikariCPConnectionPool[0;39m [35m[0;39m Creating Pool for datasource 'default'
2024-06-05 13:23:43 [31mWARN [0;39m [36mc.z.hikari.util.DriverDataSource[0;39m [35m[0;39m Registered driver with driverClassName=com.mysql.jdbc.Driver was not found, trying direct instantiation.
2024-06-05 13:23:43 [34mINFO [0;39m [36mplay.api.http.EnabledFilters[0;39m [35m[0;39m Enabled Filters (see <https://www.playframework.com/documentation/latest/Filters>):

    play.filters.csrf.CSRFFilter
    play.filters.headers.SecurityHeadersFilter
    play.filters.hosts.AllowedHostsFilter

2024-06-05 13:23:43 [34mINFO [0;39m [36mplay.api.Play[0;39m [35m[0;39m Application started (Dev) (no global state)
